[19-Feb-2023 11:56:51 Asia/Kuwait] PHP Fatal error:  Uncaught Error: Class 'PageStarter' not found in C:\IttveMe\www\iniMem.php:105
Stack trace:
#0 C:\IttveMe\www\index.php(87): require_once()
#1 {main}
  thrown in C:\IttveMe\www\iniMem.php on line 105
[19-Feb-2023 11:57:48 Asia/Kuwait] PHP Fatal error:  Uncaught Error: Call to undefined function prown\MakeCookie() in C:\IttveMe\www\iniMem.php:109
Stack trace:
#0 C:\IttveMe\www\index.php(87): require_once()
#1 {main}
  thrown in C:\IttveMe\www\iniMem.php on line 109
[19-Feb-2023 11:58:21 Asia/Kuwait] PHP Fatal error:  Uncaught Error: Call to undefined function prown\MakeSession() in C:\IttveMe\www\iniMem.php:115
Stack trace:
#0 C:\IttveMe\www\index.php(87): require_once()
#1 {main}
  thrown in C:\IttveMe\www\iniMem.php on line 115
[19-Feb-2023 16:58:06 Asia/Kuwait] PHP Parse error:  syntax error, unexpected 'else' (T_ELSE), expecting end of file in C:\IttveMe\www\UpSite.php on line 32
[19-Feb-2023 16:58:51 Asia/Kuwait] PHP Parse error:  syntax error, unexpected 'else' (T_ELSE), expecting end of file in C:\IttveMe\www\UpSite.php on line 32
[20-Feb-2023 14:42:27 Asia/Kuwait] PHP Parse error:  syntax error, unexpected 'else' (T_ELSE) in C:\TPhpTools\TPhpTools\TTinyGallery\TinyGalleryClass.php on line 407
[20-Feb-2023 14:44:27 Asia/Kuwait] PHP Fatal error:  Uncaught Error: Call to undefined function ttools\prown\isComRequest() in C:\TPhpTools\TPhpTools\TTinyGallery\TinyGalleryClass.php:402
Stack trace:
#0 C:\IttveMe\www\UpSite.php(19): ttools\TinyGallery->OpenEditSpace()
#1 C:\IttveMe\www\index.php(97): require_once('C:\\IttveMe\\www\\...')
#2 {main}
  thrown in C:\TPhpTools\TPhpTools\TTinyGallery\TinyGalleryClass.php on line 402
[20-Feb-2023 14:46:07 Asia/Kuwait] PHP Fatal error:  Uncaught Error: Call to undefined function ttools\prown\isComRequest() in C:\TPhpTools\TPhpTools\TTinyGallery\TinyGalleryClass.php:403
Stack trace:
#0 C:\IttveMe\www\UpSite.php(19): ttools\TinyGallery->OpenEditSpace()
#1 C:\IttveMe\www\index.php(97): require_once('C:\\IttveMe\\www\\...')
#2 {main}
  thrown in C:\TPhpTools\TPhpTools\TTinyGallery\TinyGalleryClass.php on line 403
[20-Feb-2023 15:15:11 Asia/Kuwait] PHP Fatal error:  Uncaught Error: Call to undefined function isNichost() in C:\IttveMe\www\iniMem.php:165
Stack trace:
#0 C:\IttveMe\www\index.php(88): require_once()
#1 {main}
  thrown in C:\IttveMe\www\iniMem.php on line 165
[20-Feb-2023 15:19:16 Asia/Kuwait] PHP Fatal error:  Uncaught Error: Call to undefined function isNichost() in C:\IttveMe\www\iniMem.php:165
Stack trace:
#0 C:\IttveMe\www\index.php(88): require_once()
#1 {main}
  thrown in C:\IttveMe\www\iniMem.php on line 165
[20-Feb-2023 18:44:09 Asia/Kuwait] PHP Fatal error:  Uncaught Error: Call to undefined function ttools\prown\isComRequest() in C:\TPhpTools\TPhpTools\TMenuLeader\MenuLeaderClass.php:184
Stack trace:
#0 C:\TPhpTools\TPhpTools\TMenuLeader\MenuLeaderClass.php(92): ttools\MenuLeader->Menu_ittveme()
#1 C:\TPhpTools\TPhpTools\TTinyGallery\TinyGalleryClass.php(417): ttools\MenuLeader->Menu()
#2 C:\IttveMe\www\UpSite.php(19): ttools\TinyGallery->OpenEditSpace()
#3 C:\IttveMe\www\index.php(100): require_once('C:\\IttveMe\\www\\...')
#4 {main}
  thrown in C:\TPhpTools\TPhpTools\TMenuLeader\MenuLeaderClass.php on line 184
[20-Feb-2023 18:45:13 Asia/Kuwait] PHP Fatal error:  Uncaught Error: Call to undefined function ttools\prown\isComRequest() in C:\TPhpTools\TPhpTools\TMenuLeader\MenuLeaderClass.php:184
Stack trace:
#0 C:\TPhpTools\TPhpTools\TMenuLeader\MenuLeaderClass.php(92): ttools\MenuLeader->Menu_ittveme()
#1 C:\TPhpTools\TPhpTools\TTinyGallery\TinyGalleryClass.php(417): ttools\MenuLeader->Menu()
#2 C:\IttveMe\www\UpSite.php(19): ttools\TinyGallery->OpenEditSpace()
#3 C:\IttveMe\www\index.php(100): require_once('C:\\IttveMe\\www\\...')
#4 {main}
  thrown in C:\TPhpTools\TPhpTools\TMenuLeader\MenuLeaderClass.php on line 184
[20-Feb-2023 18:59:06 Asia/Kuwait] PHP Parse error:  syntax error, unexpected ')' in C:\TPhpTools\TPhpTools\TMenuLeader\MenuLeaderClass.php on line 74
[20-Feb-2023 19:08:55 Asia/Kuwait] PHP Parse error:  syntax error, unexpected '=' in C:\TPhpTools\TPhpTools\TTinyGallery\TinyGalleryClass.php on line 397
[21-Feb-2023 14:32:12 Asia/Kuwait] PHP Fatal error:  Uncaught PDOException: SQLSTATE[HY000]: General error: 1 no such table: stockpw1 in C:\TPhpTools\TPhpTools\TArticlesMaker\ArticlesMakerClass.php:561
Stack trace:
#0 C:\TPhpTools\TPhpTools\TArticlesMaker\ArticlesMakerClass.php(561): PDO->prepare('UPDATE [stockpw...')
#1 C:\TPhpTools\TPhpTools\TTinyGallery\TinyGalleryClass.php(212): ttools\ArticlesMaker->UpdateByTranslit(Object(PDO), 'ohota-na-medved...', '<p>\xD0\x91\xD1\x8B\xD0\xBB\xD0\xB0 \xD0\xB2\xD0...')
#2 C:\TPhpTools\TPhpTools\TTinyGallery\TinyGalleryClass.php(144): ttools\TinyGallery->ZeroEditSpace()
#3 C:\IttveMe\www\iniMem.php(179): ttools\TinyGallery->__construct('C:\\IttveMe\\www', 'http://localhos...', '75', '15', '30', '%', Object(ttools\ArticlesMaker))
#4 C:\IttveMe\www\index.php(88): require_once('C:\\IttveMe\\www\\...')
#5 {main}
  thrown in C:\TPhpTools\TPhpTools\TArticlesMaker\ArticlesMakerClass.php on line 561
[21-Feb-2023 15:22:23 Asia/Kuwait] PHP Parse error:  syntax error, unexpected '*' in C:\TPhpTools\TPhpTools\TTinyGallery\TinyGalleryClass.php on line 416
[21-Feb-2023 19:24:52 Asia/Kuwait] PHP Parse error:  syntax error, unexpected 'require_once' (T_REQUIRE_ONCE), expecting function (T_FUNCTION) or const (T_CONST) in C:\TPhpTools\TPhpTools\TTinyGallery\TinyGalleryClass.php on line 119
[21-Feb-2023 19:25:47 Asia/Kuwait] PHP Parse error:  syntax error, unexpected 'require_once' (T_REQUIRE_ONCE), expecting function (T_FUNCTION) or const (T_CONST) in C:\TPhpTools\TPhpTools\TTinyGallery\TinyGalleryClass.php on line 119
[23-Feb-2023 06:39:25 Asia/Kuwait] PHP Parse error:  syntax error, unexpected 'protected' (T_PROTECTED), expecting ',' or ';' in C:\TPhpTools\TPhpTools\TNotice\NoticeClass.php on line 103
[23-Feb-2023 09:46:41 Asia/Kuwait] PHP Fatal error:  Cannot redeclare DefinePHPtoJS() (previously declared in C:\IttveMe\www\UpSiteDef.php:14) in C:\IttveMe\www\UpSiteDef.php on line 40
[24-Feb-2023 08:37:13 Asia/Kuwait] PHP Fatal error:  require_once(): Failed opening required 'C:/TPhpTools/TPhpTools/TMenuLeader/MenuLeaderClass.php' (include_path='.;C:\php\pear') in C:\TPhpTools\TPhpTools\TTinyGallery\TinyGalleryClass.php on line 83
[24-Feb-2023 22:43:23 Asia/Kuwait] PHP Fatal error:  require_once(): Failed opening required 'C:/TPhpTools/TPhpTools/TArticlesMaker/ArticlesMakerClass.php' (include_path='.;C:\php\pear') in C:\TPhpTools\TPhpTools\TKwinGallery\KwinGalleryClass.php on line 69
[25-Feb-2023 07:53:27 Asia/Kuwait] PHP Fatal error:  Uncaught Error: Using $this when not in object context in C:\IttveMe\www\ttools\TTinyGallery\WorkTiny.php:85
Stack trace:
#0 C:\IttveMe\www\ttools\TTinyGallery\TinyGalleryClass.php(280): ttools\main_HEAD()
#1 C:\IttveMe\www\UpSiteCSS.php(259): ttools\TinyGallery->IniEditSpace()
#2 C:\IttveMe\www\index.php(92): require_once('C:\\IttveMe\\www\\...')
#3 {main}
  thrown in C:\IttveMe\www\ttools\TTinyGallery\WorkTiny.php on line 85
[25-Feb-2023 08:36:32 Asia/Kuwait] PHP Fatal error:  Uncaught Error: Using $this when not in object context in C:\IttveMe\www\ttools\TTinyGallery\WorkTiny.php:131
Stack trace:
#0 C:\IttveMe\www\ttools\TTinyGallery\TinyGalleryClass.php(297): ttools\main_BODY_KwinGallery('4', '27')
#1 C:\IttveMe\www\UpSite.php(19): ttools\TinyGallery->OpenEditSpace()
#2 C:\IttveMe\www\index.php(99): require_once('C:\\IttveMe\\www\\...')
#3 {main}
  thrown in C:\IttveMe\www\ttools\TTinyGallery\WorkTiny.php on line 131
[25-Feb-2023 08:41:06 Asia/Kuwait] PHP Fatal error:  Uncaught Error: Using $this when not in object context in C:\IttveMe\www\ttools\TTinyGallery\WorkTiny.php:131
Stack trace:
#0 C:\IttveMe\www\ttools\TTinyGallery\TinyGalleryClass.php(297): ttools\main_BODY_KwinGallery()
#1 C:\IttveMe\www\UpSite.php(19): ttools\TinyGallery->OpenEditSpace()
#2 C:\IttveMe\www\index.php(99): require_once('C:\\IttveMe\\www\\...')
#3 {main}
  thrown in C:\IttveMe\www\ttools\TTinyGallery\WorkTiny.php on line 131
[25-Feb-2023 13:01:44 Asia/Kuwait] PHP Parse error:  syntax error, unexpected ')', expecting ',' or ';' in C:\IttveMe\www\UpSite.php on line 29
[25-Feb-2023 13:02:57 Asia/Kuwait] PHP Parse error:  syntax error, unexpected ')', expecting ',' or ';' in C:\IttveMe\www\UpSite.php on line 29
[25-Feb-2023 13:02:59 Asia/Kuwait] PHP Parse error:  syntax error, unexpected ')', expecting ',' or ';' in C:\IttveMe\www\UpSite.php on line 29
[25-Feb-2023 13:03:27 Asia/Kuwait] PHP Fatal error:  Uncaught Error: Call to undefined function getComRequest() in C:\IttveMe\www\UpSite.php:30
Stack trace:
#0 C:\IttveMe\www\index.php(99): require_once()
#1 {main}
  thrown in C:\IttveMe\www\UpSite.php on line 30
[25-Feb-2023 15:03:59 Asia/Kuwait] PHP Parse error:  syntax error, unexpected '=' in C:\IttveMe\www\ttools\TKwinGallery\KwinGalleryClass.php on line 214
[25-Feb-2023 16:52:47 Asia/Kuwait] PHP Parse error:  syntax error, unexpected 'private' (T_PRIVATE), expecting end of file in C:\IttveMe\www\ttools\TTinyGallery\WorkTiny.php on line 254
[25-Feb-2023 16:52:59 Asia/Kuwait] PHP Parse error:  syntax error, unexpected 'private' (T_PRIVATE), expecting end of file in C:\IttveMe\www\ttools\TTinyGallery\WorkTiny.php on line 254
[25-Feb-2023 16:53:27 Asia/Kuwait] PHP Parse error:  syntax error, unexpected ';', expecting '{' in C:\IttveMe\www\ttools\TTinyGallery\WorkTiny.php on line 254
[25-Feb-2023 17:07:18 Asia/Kuwait] PHP Parse error:  syntax error, unexpected ''.'' (T_CONSTANT_ENCAPSED_STRING), expecting ',' or ';' in C:\IttveMe\www\ttools\TTinyGallery\TinyGalleryClass.php on line 324
[25-Feb-2023 17:08:06 Asia/Kuwait] PHP Fatal error:  Uncaught Error: Call to undefined function ttools\prown\getTranslit() in C:\IttveMe\www\ttools\TTinyGallery\WorkTiny.php:256
Stack trace:
#0 C:\IttveMe\www\ttools\TTinyGallery\TinyGalleryClass.php(305): ttools\mmlZhiznIputeshestviya_BODY_WorkTiny(Object(PDO), Object(ttools\ArticlesMaker))
#1 C:\IttveMe\www\UpSite.php(22): ttools\TinyGallery->OpenEditSpace()
#2 C:\IttveMe\www\index.php(99): require_once('C:\\IttveMe\\www\\...')
#3 {main}
  thrown in C:\IttveMe\www\ttools\TTinyGallery\WorkTiny.php on line 256
[25-Feb-2023 17:34:49 Asia/Kuwait] PHP Fatal error:  Uncaught Error: Call to undefined function ttools\prown\getComRequest() in C:\IttveMe\www\ttools\TTinyGallery\TinyGalleryClass.php:294
Stack trace:
#0 C:\IttveMe\www\UpSite.php(21): ttools\TinyGallery->OpenEditSpace()
#1 C:\IttveMe\www\index.php(99): require_once('C:\\IttveMe\\www\\...')
#2 {main}
  thrown in C:\IttveMe\www\ttools\TTinyGallery\TinyGalleryClass.php on line 294
[25-Feb-2023 19:05:50 Asia/Kuwait] PHP Fatal error:  Uncaught Error: Call to a member function BaseGallery() on null in C:\IttveMe\www\ttools\TTinyGallery\WorkTiny.php:132
Stack trace:
#0 C:\IttveMe\www\ttools\TTinyGallery\TinyGalleryClass.php(293): ttools\main_BODY_KwinGallery(NULL)
#1 C:\IttveMe\www\UpSite.php(24): ttools\TinyGallery->OpenEditSpace()
#2 C:\IttveMe\www\index.php(99): require_once('C:\\IttveMe\\www\\...')
#3 {main}
  thrown in C:\IttveMe\www\ttools\TTinyGallery\WorkTiny.php on line 132
[25-Feb-2023 19:08:10 Asia/Kuwait] PHP Fatal error:  Uncaught Error: Call to a member function BaseGallery() on null in C:\IttveMe\www\ttools\TTinyGallery\WorkTiny.php:132
Stack trace:
#0 C:\IttveMe\www\ttools\TTinyGallery\TinyGalleryClass.php(293): ttools\main_BODY_KwinGallery(NULL)
#1 C:\IttveMe\www\UpSite.php(24): ttools\TinyGallery->OpenEditSpace()
#2 C:\IttveMe\www\index.php(99): require_once('C:\\IttveMe\\www\\...')
#3 {main}
  thrown in C:\IttveMe\www\ttools\TTinyGallery\WorkTiny.php on line 132
[25-Feb-2023 19:08:20 Asia/Kuwait] PHP Fatal error:  Uncaught Error: Call to a member function BaseGallery() on null in C:\IttveMe\www\ttools\TTinyGallery\WorkTiny.php:132
Stack trace:
#0 C:\IttveMe\www\ttools\TTinyGallery\TinyGalleryClass.php(293): ttools\main_BODY_KwinGallery(NULL)
#1 C:\IttveMe\www\UpSite.php(24): ttools\TinyGallery->OpenEditSpace()
#2 C:\IttveMe\www\index.php(99): require_once('C:\\IttveMe\\www\\...')
#3 {main}
  thrown in C:\IttveMe\www\ttools\TTinyGallery\WorkTiny.php on line 132
[25-Feb-2023 19:09:54 Asia/Kuwait] PHP Fatal error:  Uncaught Error: Call to a member function BaseGallery() on null in C:\IttveMe\www\ttools\TTinyGallery\WorkTiny.php:132
Stack trace:
#0 C:\IttveMe\www\ttools\TTinyGallery\TinyGalleryClass.php(293): ttools\main_BODY_KwinGallery(NULL)
#1 C:\IttveMe\www\UpSite.php(24): ttools\TinyGallery->OpenEditSpace()
#2 C:\IttveMe\www\index.php(99): require_once('C:\\IttveMe\\www\\...')
#3 {main}
  thrown in C:\IttveMe\www\ttools\TTinyGallery\WorkTiny.php on line 132
[25-Feb-2023 19:13:14 Asia/Kuwait] PHP Fatal error:  Uncaught Error: Call to a member function BaseGallery() on null in C:\IttveMe\www\ttools\TTinyGallery\WorkTiny.php:132
Stack trace:
#0 C:\IttveMe\www\ttools\TTinyGallery\TinyGalleryClass.php(296): ttools\main_BODY_KwinGallery(NULL)
#1 C:\IttveMe\www\UpSite.php(24): ttools\TinyGallery->OpenEditSpace()
#2 C:\IttveMe\www\index.php(99): require_once('C:\\IttveMe\\www\\...')
#3 {main}
  thrown in C:\IttveMe\www\ttools\TTinyGallery\WorkTiny.php on line 132
[26-Feb-2023 09:35:37 Asia/Kuwait] PHP Fatal error:  Uncaught Error: Call to undefined function ttools\prown\isComRequest() in C:\IttveMe\www\ttools\TTinyGallery\TinyGalleryClass.php:296
Stack trace:
#0 C:\IttveMe\www\UpSite.php(19): ttools\TinyGallery->OpenEditSpace()
#1 C:\IttveMe\www\index.php(99): require_once('C:\\IttveMe\\www\\...')
#2 {main}
  thrown in C:\IttveMe\www\ttools\TTinyGallery\TinyGalleryClass.php on line 296
[26-Feb-2023 10:07:04 Asia/Kuwait] PHP Fatal error:  Uncaught Error: Class 'ttools\Tuning' not found in C:\IttveMe\www\ttools\TTinyGallery\WorkTiny.php:256
Stack trace:
#0 C:\IttveMe\www\ttools\TTinyGallery\TinyGalleryClass.php(300): ttools\mmlIzmenitNastrojkiSajta_BODY_WorkTiny(Array, Array, 'http://localhos...')
#1 C:\IttveMe\www\UpSite.php(19): ttools\TinyGallery->OpenEditSpace(Array, Array, 'http://localhos...')
#2 C:\IttveMe\www\index.php(99): require_once('C:\\IttveMe\\www\\...')
#3 {main}
  thrown in C:\IttveMe\www\ttools\TTinyGallery\WorkTiny.php on line 256
[26-Feb-2023 10:27:38 Asia/Kuwait] PHP Fatal error:  Uncaught Error: Class 'ttools\Entrying' not found in C:\IttveMe\www\ttools\TTinyGallery\WorkTiny.php:267
Stack trace:
#0 C:\IttveMe\www\ttools\TTinyGallery\TinyGalleryClass.php(303): ttools\mmlVojtiZaregistrirovatsya_BODY_WorkTiny(Object(PDO), Object(ttools\ArticlesMaker))
#1 C:\IttveMe\www\UpSite.php(19): ttools\TinyGallery->OpenEditSpace(Array, Array, 'http://localhos...')
#2 C:\IttveMe\www\index.php(99): require_once('C:\\IttveMe\\www\\...')
#3 {main}
  thrown in C:\IttveMe\www\ttools\TTinyGallery\WorkTiny.php on line 267
[26-Feb-2023 10:48:34 Asia/Kuwait] PHP Fatal error:  Uncaught Error: Call to undefined function ttools\prown\isComRequest() in C:\IttveMe\www\ttools\TTinyGallery\TinyGalleryClass.php:305
Stack trace:
#0 C:\IttveMe\www\UpSite.php(19): ttools\TinyGallery->OpenEditSpace(Array, Array, 'http://localhos...')
#1 C:\IttveMe\www\index.php(99): require_once('C:\\IttveMe\\www\\...')
#2 {main}
  thrown in C:\IttveMe\www\ttools\TTinyGallery\TinyGalleryClass.php on line 305
[26-Feb-2023 11:01:13 Asia/Kuwait] PHP Fatal error:  Uncaught Error: Call to undefined function ttools\prown\isComRequest() in C:\IttveMe\www\ttools\TTinyGallery\TinyGalleryClass.php:308
Stack trace:
#0 C:\IttveMe\www\UpSite.php(19): ttools\TinyGallery->OpenEditSpace(Array, Array, 'http://localhos...')
#1 C:\IttveMe\www\index.php(99): require_once('C:\\IttveMe\\www\\...')
#2 {main}
  thrown in C:\IttveMe\www\ttools\TTinyGallery\TinyGalleryClass.php on line 308
[26-Feb-2023 11:16:03 Asia/Kuwait] PHP Fatal error:  Uncaught Error: Call to undefined function ttools\prown\isComRequest() in C:\IttveMe\www\ttools\TTinyGallery\TinyGalleryClass.php:311
Stack trace:
#0 C:\IttveMe\www\UpSite.php(19): ttools\TinyGallery->OpenEditSpace(Array, Array, 'http://localhos...')
#1 C:\IttveMe\www\index.php(99): require_once('C:\\IttveMe\\www\\...')
#2 {main}
  thrown in C:\IttveMe\www\ttools\TTinyGallery\TinyGalleryClass.php on line 311
[26-Feb-2023 13:03:49 Asia/Kuwait] PHP Fatal error:  Uncaught Error: Class 'ttools\ttools\UnicodeUser' not found in C:\IttveMe\www\ttools\TTinyGallery\WorkTiny.php:243
Stack trace:
#0 C:\IttveMe\www\ttools\TTinyGallery\TinyGalleryClass.php(294): ttools\mmlZhiznIputeshestviya_BODY_WorkTiny(Object(PDO), Object(ttools\ArticlesMaker))
#1 C:\IttveMe\www\UpSite.php(19): ttools\TinyGallery->OpenEditSpace(Array, Array, 'http://localhos...')
#2 C:\IttveMe\www\index.php(99): require_once('C:\\IttveMe\\www\\...')
#3 {main}
  thrown in C:\IttveMe\www\ttools\TTinyGallery\WorkTiny.php on line 243
[26-Feb-2023 13:24:18 Asia/Kuwait] PHP Parse error:  syntax error, unexpected '}' in C:\IttveMe\www\ttools\TTinyGallery\WorkTiny.php on line 246
[27-Feb-2023 14:28:02 Asia/Kuwait] PHP Fatal error:  Uncaught Error: Call to a member function IniEditSpace() on null in C:\IttveMe\www\UpSiteCSS.php:198
Stack trace:
#0 C:\IttveMe\www\index.php(92): require_once()
#1 {main}
  thrown in C:\IttveMe\www\UpSiteCSS.php on line 198
[27-Feb-2023 15:44:45 Asia/Kuwait] PHP Parse error:  syntax error, unexpected ';' in C:\IttveMe\www\UpSite.php on line 45
[27-Feb-2023 20:22:02 Asia/Kuwait] PHP Parse error:  syntax error, unexpected 'echo' (T_ECHO) in C:\IttveMe\www\UpSite.php on line 90
[01-Mar-2023 21:08:18 Asia/Kuwait] PHP Parse error:  syntax error, unexpected 'src' (T_STRING), expecting ',' or ';' in C:\IttveMe\www\UpSiteCSS.php on line 60
[02-Mar-2023 17:18:28 Asia/Kuwait] PHP Parse error:  syntax error, unexpected '}', expecting '(' in C:\IttveMe\www\ttools\TTinyGallery\WorkTiny.php on line 317
[02-Mar-2023 18:28:49 Asia/Kuwait] PHP Fatal error:  Uncaught Error: Class 'DuckFly' not found in C:\IttveMe\www\iniMem.php:228
Stack trace:
#0 C:\IttveMe\www\index.php(87): require_once()
#1 {main}
  thrown in C:\IttveMe\www\iniMem.php on line 228
[02-Mar-2023 18:31:26 Asia/Kuwait] PHP Fatal error:  Uncaught Error: Class 'ttools\NewCue' not found in C:\IttveMe\www\ttools\TTinyGallery\WorkTiny.php:290
Stack trace:
#0 C:\IttveMe\www\ttools\TTinyGallery\TinyGalleryClass.php(353): ttools\mmlDobavitNovyjRazdel_BODY_WorkTiny(Object(PDO), Object(ttools\ArticlesMaker))
#1 C:\IttveMe\www\UpSite.php(48): ttools\TinyGallery->ViewLifeSpace(Array, Array, 'http://localhos...')
#2 C:\IttveMe\www\index.php(99): require_once('C:\\IttveMe\\www\\...')
#3 {main}
  thrown in C:\IttveMe\www\ttools\TTinyGallery\WorkTiny.php on line 290
[03-Mar-2023 19:12:16 Asia/Kuwait] PHP Fatal error:  Cannot redeclare ttools\ModyCue::__construct() in C:\IttveMe\www\ttools\TModyCueClass\ModyCueClass.php on line 46
[03-Mar-2023 20:27:30 Asia/Kuwait] PHP Fatal error:  Uncaught PDOException: SQLSTATE[23000]: Integrity constraint violation: 19 UNIQUE constraint failed: picturepw.TranslitPic in C:\IttveMe\www\ttools\TArticlesMaker\ArticlesMakerClass.php:513
Stack trace:
#0 C:\IttveMe\www\ttools\TArticlesMaker\ArticlesMakerClass.php(513): PDOStatement->execute(Array)
#1 C:\IttveMe\www\ttools\TKwinGallery\KwinGalleryClass.php(333): ttools\ArticlesMaker->InsertImgByTranslit(Object(PDO), '5', '\xD0\x9A\xD0\xB0\xD1\x80\xD1\x82\xD0\xB0 \xD0\xBF\xD1\x80...', 'karta-progulki', 'jpg', 'image/jpeg', '03.03.2023', 455770, '\xD0\xA2\xD0\xB5\xD0\xBA\xD1\x81\xD1\x82 \xD0\xBA\xD0\xBE...')
#2 C:\IttveMe\www\ttools\TKwinGallery\KwinGalleryClass.php(138): ttools\KwinGallery->ifKwinUpload('C:\\IttveMe\\www', 'ittveEdit', 'ittve', '4', '5')
#3 C:\IttveMe\www\ttools\TTinyGallery\TinyGalleryClass.php(230): ttools\KwinGallery->__construct('ittveEdit', 'ittve', '4', '5', 'C:\\IttveMe\\www', 'http://localhos...', Object(ttools\ArticlesMaker))
#4 C:\IttveMe\www\ttools\TTinyGallery\TinyGalleryClass.php in C:\IttveMe\www\ttools\TArticlesMaker\ArticlesMakerClass.php on line 513
[03-Mar-2023 20:29:02 Asia/Kuwait] PHP Fatal error:  Uncaught PDOException: SQLSTATE[23000]: Integrity constraint violation: 19 UNIQUE constraint failed: picturepw.TranslitPic in C:\IttveMe\www\ttools\TArticlesMaker\ArticlesMakerClass.php:513
Stack trace:
#0 C:\IttveMe\www\ttools\TArticlesMaker\ArticlesMakerClass.php(513): PDOStatement->execute(Array)
#1 C:\IttveMe\www\ttools\TKwinGallery\KwinGalleryClass.php(333): ttools\ArticlesMaker->InsertImgByTranslit(Object(PDO), '32', '\xD0\x9A\xD0\xB0\xD1\x80\xD1\x82\xD0\xB0 \xD0\xBF\xD1\x80...', 'karta-progulki', 'jpg', 'image/jpeg', '03.03.2023', 455770, '\xD0\xA2\xD0\xB5\xD0\xBA\xD1\x81\xD1\x82 \xD0\xBA\xD0\xBE...')
#2 C:\IttveMe\www\ttools\TKwinGallery\KwinGalleryClass.php(138): ttools\KwinGallery->ifKwinUpload('C:\\IttveMe\\www', 'ittveEdit', 'ittve', '4', '32')
#3 C:\IttveMe\www\ttools\TTinyGallery\TinyGalleryClass.php(230): ttools\KwinGallery->__construct('ittveEdit', 'ittve', '4', '32', 'C:\\IttveMe\\www', 'http://localhos...', Object(ttools\ArticlesMaker))
#4 C:\IttveMe\www\ttools\TTinyGallery\TinyGalleryClass. in C:\IttveMe\www\ttools\TArticlesMaker\ArticlesMakerClass.php on line 513
[04-Mar-2023 03:25:11 Asia/Kuwait] PHP Fatal error:  require_once(): Failed opening required 'ttools/TDelCueClass/game2048Class.php' (include_path='.;C:\php\pear') in C:\IttveMe\www\iniMem.php on line 230
[04-Mar-2023 03:27:22 Asia/Kuwait] PHP Fatal error:  require_once(): Failed opening required 'ttools/TNewCueClass/DelCueClass.php' (include_path='.;C:\php\pear') in C:\IttveMe\www\ttools\TTinyGallery\WorkTiny.php on line 58
[05-Mar-2023 10:41:02 Asia/Kuwait] PHP Fatal error:  Cannot redeclare game\echoHead() (previously declared in C:\IttveMe\www\ttools\TSaymeClass\Hextris\gameHextrisClass.php:46) in C:\IttveMe\www\ttools\TSaymeClass\Hextris\gameHextrisClass.php on line 121
[06-Mar-2023 18:10:15 Asia/Kuwait] PHP Fatal error:  Uncaught Error: Using $this when not in object context in C:\IttveMe\www\ttools\TSaymeClass\Hextris\gameHextrisClass.php:76
Stack trace:
#0 C:\IttveMe\www\ttools\TSaymeClass\Hextris\gameHextrisClass.php(31): game\echoHead()
#1 C:\IttveMe\www\ttools\TSaymeClass\SaymeClass.php(27): game\Hextris->Head()
#2 C:\IttveMe\www\ttools\TTinyGallery\WorkTiny.php(76): ttools\Noticing->Head()
#3 C:\IttveMe\www\ttools\TTinyGallery\TinyGalleryClass.php(482): ttools\mmlOtpravitAvtoruSoobshchenie_HEAD(Object(game\Hextris))
#4 C:\IttveMe\www\ttools\TTinyGallery\TinyGalleryClass.php(289): ttools\TinyGallery->Dispatch_HEAD(Object(game\DuckFly), Object(game\g2048), Object(game\Hextris))
#5 C:\IttveMe\www\UpSiteCSS.php(102): ttools\TinyGallery->Init(Object(game\DuckFly), Object(game\g2048), Object(game\Hextris))
#6 C:\IttveMe\www\index.php(92): require_once('C:\\IttveMe\\www\\...')
#7 {main}
  thrown in C:\IttveMe\www\ttools\TSaymeClass\Hextris\gameHextrisClass.php on line 76
[06-Mar-2023 18:12:44 Asia/Kuwait] PHP Parse error:  syntax error, unexpected 'private' (T_PRIVATE), expecting end of file in C:\IttveMe\www\ttools\TSaymeClass\Hextris\gameHextrisClass.php on line 39
[07-Mar-2023 16:50:40 Asia/Kuwait] PHP Fatal error:  Uncaught Error: Call to undefined method ttools\ArticlesMaker::SelNextRecord() in C:\IttveMe\www\ttools\TTinyGallery\TinyGalleryClass.php:199
Stack trace:
#0 C:\IttveMe\www\ttools\TTinyGallery\TinyGalleryClass.php(149): ttools\TinyGallery->ZeroEditSpace()
#1 C:\IttveMe\www\iniMem.php(225): ttools\TinyGallery->__construct('C:\\IttveMe\\www', 'http://localhos...', '75', '15', '30', '%', Object(ttools\ArticlesMaker))
#2 C:\IttveMe\www\index.php(87): require_once('C:\\IttveMe\\www\\...')
#3 {main}
  thrown in C:\IttveMe\www\ttools\TTinyGallery\TinyGalleryClass.php on line 199
[07-Mar-2023 17:03:48 Asia/Kuwait] PHP Fatal error:  Uncaught Error: Call to a member function BaseGallery() on null in C:\IttveMe\www\ttools\TTinyGallery\TinyGalleryClass.php:339
Stack trace:
#0 C:\IttveMe\www\UpSite.php(51): ttools\TinyGallery->ViewGallerySpace()
#1 C:\IttveMe\www\index.php(99): require_once('C:\\IttveMe\\www\\...')
#2 {main}
  thrown in C:\IttveMe\www\ttools\TTinyGallery\TinyGalleryClass.php on line 339
[07-Mar-2023 20:12:38 Asia/Kuwait] PHP Fatal error:  Cannot redeclare game\echoPlay() (previously declared in C:\IttveMe\www\ttools\TSaymeClass\Hextris\gameHextrisClass.php:102) in C:\IttveMe\www\ttools\TTinyGallery\WhipperSnapper\gameWhipperSnapperClass.php on line 52
[07-Mar-2023 20:15:49 Asia/Kuwait] PHP Fatal error:  Uncaught Error: Class 'ttools\game\WhipperSnapper' not found in C:\IttveMe\www\ttools\TTinyGallery\TinyGalleryClass.php:299
Stack trace:
#0 C:\IttveMe\www\UpSiteCSS.php(102): ttools\TinyGallery->Init(Object(game\DuckFly), Object(game\g2048), Object(game\Hextris))
#1 C:\IttveMe\www\index.php(92): require_once('C:\\IttveMe\\www\\...')
#2 {main}
  thrown in C:\IttveMe\www\ttools\TTinyGallery\TinyGalleryClass.php on line 299
